


ARM Macro Assembler    Page 1 


    1 00000000                 AREA             Fact ,CODE,READONLY
    2 00000000                 EXPORT           start1
    3 00000000         start1
    4 00000000 F04F 0005       MOV              R0,#5
    5 00000004 F04F 0101       MOV              R1,#1
    6 00000008         LOOP
    7 00000008 FB01 F100       MUL              R1,R1,R0
    8 0000000C 1E40            SUBS             R0,R0,#1
    9 0000000E D1FB            BNE              LOOP
   10 00000010                 END
Command Line: --debug --xref --diag_suppress=9931 --cpu=Cortex-M3 --apcs=interw
ork --depend=.\objects\fact.d -o.\objects\fact.o -I.\RTE\_Target_1 -I"C:\Users\
My PC\AppData\Local\Arm\Packs\Keil\LPC1700_DFP\2.7.1\Device\Include" -IC:\Keil_
v5\ARM\CMSIS\Include --predefine="__EVAL SETA 1" --predefine="__UVISION_VERSION
 SETA 527" --predefine="LPC175x_6x SETA 1" --list=.\listings\fact.lst Fact.s



ARM Macro Assembler    Page 1 Alphabetic symbol ordering
Relocatable symbols

Fact 00000000

Symbol: Fact
   Definitions
      At line 1 in file Fact.s
   Uses
      None
Comment: Fact unused
LOOP 00000008

Symbol: LOOP
   Definitions
      At line 6 in file Fact.s
   Uses
      At line 9 in file Fact.s
Comment: LOOP used once
start1 00000000

Symbol: start1
   Definitions
      At line 3 in file Fact.s
   Uses
      At line 2 in file Fact.s
Comment: start1 used once
3 symbols
336 symbols in table
