


ARM Macro Assembler    Page 1 


    1 00000000                 AREA             MulTwo,CODE,READONLY
    2 00000000                 EXPORT           start1
    3 00000000         start1
    4 00000000 F04F 0012       MOV              R0,#0X12
    5 00000004 F04F 0111       MOV              R1,#0X11
    6 00000008 FB01 F200       MUL              R2,R1,R0
    7 0000000C E7FE    STOP    B                STOP
    8 0000000E                 END
Command Line: --debug --xref --diag_suppress=9931 --cpu=Cortex-M3 --apcs=interw
ork --depend=.\objects\multwo.d -o.\objects\multwo.o -I.\RTE\_Target_1 -I"C:\Us
ers\My PC\AppData\Local\Arm\Packs\Keil\LPC1700_DFP\2.7.1\Device\Include" -IC:\K
eil_v5\ARM\CMSIS\Include --predefine="__EVAL SETA 1" --predefine="__UVISION_VER
SION SETA 527" --predefine="LPC175x_6x SETA 1" --list=.\listings\multwo.lst Mul
Two.s



ARM Macro Assembler    Page 1 Alphabetic symbol ordering
Relocatable symbols

MulTwo 00000000

Symbol: MulTwo
   Definitions
      At line 1 in file MulTwo.s
   Uses
      None
Comment: MulTwo unused
STOP 0000000C

Symbol: STOP
   Definitions
      At line 7 in file MulTwo.s
   Uses
      At line 7 in file MulTwo.s
Comment: STOP used once
start1 00000000

Symbol: start1
   Definitions
      At line 3 in file MulTwo.s
   Uses
      At line 2 in file MulTwo.s
Comment: start1 used once
3 symbols
336 symbols in table
