


ARM Macro Assembler    Page 1 


    1 00000000                 AREA             SumInt,CODE,READONLY
    2 00000000                 EXPORT           start1
    3 00000000         start1
    4 00000000 F04F 0000       MOV              R0,#00
    5 00000004 F04F 010A       MOV              R1,#10
    6 00000008         LOOP
    7 00000008 4408            ADD              R0,R0,R1
    8 0000000A 1E49            SUBS             R1,R1,#1
    9 0000000C D1FC            BNE              LOOP
   10 0000000E                 END
Command Line: --debug --xref --diag_suppress=9931 --cpu=Cortex-M3 --apcs=interw
ork --depend=.\objects\sumint.d -o.\objects\sumint.o -I.\RTE\_Target_1 -I"C:\Us
ers\My PC\AppData\Local\Arm\Packs\Keil\LPC1700_DFP\2.7.1\Device\Include" -IC:\K
eil_v5\ARM\CMSIS\Include --predefine="__EVAL SETA 1" --predefine="__UVISION_VER
SION SETA 527" --predefine="LPC175x_6x SETA 1" --list=.\listings\sumint.lst Sum
Int.s



ARM Macro Assembler    Page 1 Alphabetic symbol ordering
Relocatable symbols

LOOP 00000008

Symbol: LOOP
   Definitions
      At line 6 in file SumInt.s
   Uses
      At line 9 in file SumInt.s
Comment: LOOP used once
SumInt 00000000

Symbol: SumInt
   Definitions
      At line 1 in file SumInt.s
   Uses
      None
Comment: SumInt unused
start1 00000000

Symbol: start1
   Definitions
      At line 3 in file SumInt.s
   Uses
      At line 2 in file SumInt.s
Comment: start1 used once
3 symbols
336 symbols in table
